This file contains any messages produced by compilers while
running configure, to aid debugging if configure makes a mistake.

It was created by rakarrack configure 0.6.1, which was
generated by GNU Autoconf 2.67.  Invocation command line was

  $ ./configure 

## --------- ##
## Platform. ##
## --------- ##

hostname = yannick-HPE-312fr
uname -m = x86_64
uname -r = 3.0.0-19-generic
uname -s = Linux
uname -v = #33-Ubuntu SMP Thu Apr 19 19:05:14 UTC 2012

/usr/bin/uname -p = unknown
/bin/uname -X     = unknown

/bin/arch              = unknown
/usr/bin/arch -k       = unknown
/usr/convex/getsysinfo = unknown
/usr/bin/hostinfo      = unknown
/bin/machine           = unknown
/usr/bin/oslevel       = unknown
/bin/universe          = unknown

PATH: /usr/local/bin
PATH: /usr/bin
PATH: /bin
PATH: /usr/local/games
PATH: /usr/games


## ----------- ##
## Core tests. ##
## ----------- ##

configure:2267: checking for a BSD-compatible install
configure:2335: result: /usr/bin/install -c
configure:2346: checking whether build environment is sane
configure:2383: result: yes
configure:2445: checking for gawk
configure:2461: found /usr/bin/gawk
configure:2472: result: gawk
configure:2483: checking whether make sets $(MAKE)
configure:2505: result: yes
configure:2798: checking for g++
configure:2814: found /usr/bin/g++
configure:2825: result: g++
configure:2852: checking for C++ compiler version
configure:2861: g++ --version >&5
g++ (Ubuntu/Linaro 4.6.1-9ubuntu3) 4.6.1
Copyright (C) 2011 Free Software Foundation, Inc.
This is free software; see the source for copying conditions.  There is NO
warranty; not even for MERCHANTABILITY or FITNESS FOR A PARTICULAR PURPOSE.

configure:2872: $? = 0
configure:2861: g++ -v >&5
Using built-in specs.
COLLECT_GCC=g++
COLLECT_LTO_WRAPPER=/usr/lib/gcc/x86_64-linux-gnu/4.6.1/lto-wrapper
Target: x86_64-linux-gnu
Configured with: ../src/configure -v --with-pkgversion='Ubuntu/Linaro 4.6.1-9ubuntu3' --with-bugurl=file:///usr/share/doc/gcc-4.6/README.Bugs --enable-languages=c,c++,fortran,objc,obj-c++,go --prefix=/usr --program-suffix=-4.6 --enable-shared --enable-linker-build-id --with-system-zlib --libexecdir=/usr/lib --without-included-gettext --enable-threads=posix --with-gxx-include-dir=/usr/include/c++/4.6 --libdir=/usr/lib --enable-nls --with-sysroot=/ --enable-clocale=gnu --enable-libstdcxx-debug --enable-libstdcxx-time=yes --enable-plugin --enable-objc-gc --disable-werror --with-arch-32=i686 --with-tune=generic --enable-checking=release --build=x86_64-linux-gnu --host=x86_64-linux-gnu --target=x86_64-linux-gnu
Thread model: posix
gcc version 4.6.1 (Ubuntu/Linaro 4.6.1-9ubuntu3) 
configure:2872: $? = 0
configure:2861: g++ -V >&5
g++: error: unrecognized option '-V'
g++: fatal error: no input files
compilation terminated.
configure:2872: $? = 4
configure:2861: g++ -qversion >&5
g++: error: unrecognized option '-qversion'
g++: fatal error: no input files
compilation terminated.
configure:2872: $? = 4
configure:2892: checking whether the C++ compiler works
configure:2914: g++    conftest.cpp  >&5
configure:2918: $? = 0
configure:2966: result: yes
configure:2969: checking for C++ compiler default output file name
configure:2971: result: a.out
configure:2977: checking for suffix of executables
configure:2984: g++ -o conftest    conftest.cpp  >&5
configure:2988: $? = 0
configure:3010: result: 
configure:3032: checking whether we are cross compiling
configure:3040: g++ -o conftest    conftest.cpp  >&5
configure:3044: $? = 0
configure:3051: ./conftest
configure:3055: $? = 0
configure:3070: result: no
configure:3075: checking for suffix of object files
configure:3097: g++ -c   conftest.cpp >&5
configure:3101: $? = 0
configure:3122: result: o
configure:3126: checking whether we are using the GNU C++ compiler
configure:3145: g++ -c   conftest.cpp >&5
configure:3145: $? = 0
configure:3154: result: yes
configure:3163: checking whether g++ accepts -g
configure:3183: g++ -c -g  conftest.cpp >&5
configure:3183: $? = 0
configure:3224: result: yes
configure:3258: checking for style of include used by make
configure:3286: result: GNU
configure:3314: checking dependency style of g++
configure:3404: result: gcc3
configure:3469: checking for gcc
configure:3485: found /usr/bin/gcc
configure:3496: result: gcc
configure:3725: checking for C compiler version
configure:3734: gcc --version >&5
gcc (Ubuntu/Linaro 4.6.1-9ubuntu3) 4.6.1
Copyright (C) 2011 Free Software Foundation, Inc.
This is free software; see the source for copying conditions.  There is NO
warranty; not even for MERCHANTABILITY or FITNESS FOR A PARTICULAR PURPOSE.

configure:3745: $? = 0
configure:3734: gcc -v >&5
Using built-in specs.
COLLECT_GCC=gcc
COLLECT_LTO_WRAPPER=/usr/lib/gcc/x86_64-linux-gnu/4.6.1/lto-wrapper
Target: x86_64-linux-gnu
Configured with: ../src/configure -v --with-pkgversion='Ubuntu/Linaro 4.6.1-9ubuntu3' --with-bugurl=file:///usr/share/doc/gcc-4.6/README.Bugs --enable-languages=c,c++,fortran,objc,obj-c++,go --prefix=/usr --program-suffix=-4.6 --enable-shared --enable-linker-build-id --with-system-zlib --libexecdir=/usr/lib --without-included-gettext --enable-threads=posix --with-gxx-include-dir=/usr/include/c++/4.6 --libdir=/usr/lib --enable-nls --with-sysroot=/ --enable-clocale=gnu --enable-libstdcxx-debug --enable-libstdcxx-time=yes --enable-plugin --enable-objc-gc --disable-werror --with-arch-32=i686 --with-tune=generic --enable-checking=release --build=x86_64-linux-gnu --host=x86_64-linux-gnu --target=x86_64-linux-gnu
Thread model: posix
gcc version 4.6.1 (Ubuntu/Linaro 4.6.1-9ubuntu3) 
configure:3745: $? = 0
configure:3734: gcc -V >&5
gcc: error: unrecognized option '-V'
gcc: fatal error: no input files
compilation terminated.
configure:3745: $? = 4
configure:3734: gcc -qversion >&5
gcc: error: unrecognized option '-qversion'
gcc: fatal error: no input files
compilation terminated.
configure:3745: $? = 4
configure:3749: checking whether we are using the GNU C compiler
configure:3768: gcc -c   conftest.c >&5
configure:3768: $? = 0
configure:3777: result: yes
configure:3786: checking whether gcc accepts -g
configure:3806: gcc -c -g  conftest.c >&5
configure:3806: $? = 0
configure:3847: result: yes
configure:3864: checking for gcc option to accept ISO C89
configure:3928: gcc  -c -g -O2  conftest.c >&5
configure:3928: $? = 0
configure:3941: result: none needed
configure:3963: checking dependency style of gcc
configure:4053: result: gcc3
configure:4070: checking whether make sets $(MAKE)
configure:4092: result: yes
configure:4103: checking for fltk-config
configure:4133: result: no
configure:4139: error: fltk not installed!

## ---------------- ##
## Cache variables. ##
## ---------------- ##

ac_cv_c_compiler_gnu=yes
ac_cv_cxx_compiler_gnu=yes
ac_cv_env_CCC_set=
ac_cv_env_CCC_value=
ac_cv_env_CC_set=
ac_cv_env_CC_value=
ac_cv_env_CFLAGS_set=
ac_cv_env_CFLAGS_value=
ac_cv_env_CPPFLAGS_set=
ac_cv_env_CPPFLAGS_value=
ac_cv_env_CPP_set=
ac_cv_env_CPP_value=
ac_cv_env_CXXFLAGS_set=
ac_cv_env_CXXFLAGS_value=
ac_cv_env_CXX_set=
ac_cv_env_CXX_value=
ac_cv_env_LDFLAGS_set=
ac_cv_env_LDFLAGS_value=
ac_cv_env_LIBS_set=
ac_cv_env_LIBS_value=
ac_cv_env_build_alias_set=
ac_cv_env_build_alias_value=
ac_cv_env_host_alias_set=
ac_cv_env_host_alias_value=
ac_cv_env_target_alias_set=
ac_cv_env_target_alias_value=
ac_cv_objext=o
ac_cv_path_install='/usr/bin/install -c'
ac_cv_prog_AWK=gawk
ac_cv_prog_ac_ct_CC=gcc
ac_cv_prog_ac_ct_CXX=g++
ac_cv_prog_cc_c89=
ac_cv_prog_cc_g=yes
ac_cv_prog_cxx_g=yes
ac_cv_prog_make_make_set=yes
am_cv_CC_dependencies_compiler_type=gcc3
am_cv_CXX_dependencies_compiler_type=gcc3

## ----------------- ##
## Output variables. ##
## ----------------- ##

ACLOCAL='${SHELL} /home/rakkarack/rakarrack-1.0.0/missing --run aclocal-1.9'
ACONNECT=''
AMDEPBACKSLASH='\'
AMDEP_FALSE='#'
AMDEP_TRUE=''
AMTAR='${SHELL} /home/rakkarack/rakarrack-1.0.0/missing --run tar'
AUTOCONF='${SHELL} /home/rakkarack/rakarrack-1.0.0/missing --run autoconf'
AUTOHEADER='${SHELL} /home/rakkarack/rakarrack-1.0.0/missing --run autoheader'
AUTOMAKE='${SHELL} /home/rakkarack/rakarrack-1.0.0/missing --run automake-1.9'
AWK='gawk'
CC='gcc'
CCDEPMODE='depmode=gcc3'
CFLAGS='-g -O2'
CPP=''
CPPFLAGS=''
CXX='g++'
CXXDEPMODE='depmode=gcc3'
CXXFLAGS='-g -O2'
CYGPATH_W='echo'
DEFS=''
DEPDIR='.deps'
ECHO_C=''
ECHO_N='-n'
ECHO_T=''
EGREP=''
EXEEXT=''
FLTKCONFIG=''
GREP=''
INSTALL_DATA='${INSTALL} -m 644'
INSTALL_PROGRAM='${INSTALL}'
INSTALL_SCRIPT='${INSTALL}'
INSTALL_STRIP_PROGRAM='${SHELL} $(install_sh) -c -s'
LDFLAGS=''
LIBOBJS=''
LIBS=''
LTLIBOBJS=''
MAKEINFO='${SHELL} /home/rakkarack/rakarrack-1.0.0/missing --run makeinfo'
OBJEXT='o'
PACKAGE='rakarrack'
PACKAGE_BUGREPORT='Josep Andreu holborn@telefonica.net'
PACKAGE_NAME='rakarrack'
PACKAGE_STRING='rakarrack 0.6.1'
PACKAGE_TARNAME='rakarrack'
PACKAGE_URL=''
PACKAGE_VERSION='0.6.1'
PATH_SEPARATOR=':'
SAMPLERATE_CFLAG=''
SAMPLERATE_LIBS=''
SET_MAKE=''
SHELL='/bin/bash'
STRIP=''
VERSION='0.6.1'
ac_ct_CC='gcc'
ac_ct_CXX='g++'
am__fastdepCC_FALSE='#'
am__fastdepCC_TRUE=''
am__fastdepCXX_FALSE='#'
am__fastdepCXX_TRUE=''
am__include='include'
am__leading_dot='.'
am__quote=''
am__tar='${AMTAR} chof - "$$tardir"'
am__untar='${AMTAR} xf -'
bindir='${exec_prefix}/bin'
build_alias=''
datadir='${datarootdir}'
datarootdir='${prefix}/share'
docdir='${datarootdir}/doc/${PACKAGE_TARNAME}'
dvidir='${docdir}'
exec_prefix='NONE'
host_alias=''
htmldir='${docdir}'
includedir='${prefix}/include'
infodir='${datarootdir}/info'
install_sh='/home/rakkarack/rakarrack-1.0.0/install-sh'
libdir='${exec_prefix}/lib'
libexecdir='${exec_prefix}/libexec'
localedir='${datarootdir}/locale'
localstatedir='${prefix}/var'
mandir='${datarootdir}/man'
mkdir_p='mkdir -p --'
oldincludedir='/usr/include'
pdfdir='${docdir}'
prefix='NONE'
program_transform_name='s,x,x,'
psdir='${docdir}'
sbindir='${exec_prefix}/sbin'
sharedstatedir='${prefix}/com'
sysconfdir='${prefix}/etc'
target_alias=''

## ----------- ##
## confdefs.h. ##
## ----------- ##

/* confdefs.h */
#define PACKAGE_NAME "rakarrack"
#define PACKAGE_TARNAME "rakarrack"
#define PACKAGE_VERSION "0.6.1"
#define PACKAGE_STRING "rakarrack 0.6.1"
#define PACKAGE_BUGREPORT "Josep Andreu holborn@telefonica.net"
#define PACKAGE_URL ""
#define PACKAGE "rakarrack"
#define VERSION "0.6.1"

configure: exit 1
